2026-04-03 23:22:59,900 - INFO - Connected to database: data/market_data.db
2026-04-03 23:22:59,901 - INFO - All database tables created / verified.
2026-04-03 23:22:59,901 - INFO - Connected to database: data/market_data.db
2026-04-03 23:22:59,902 - INFO - All database tables created / verified.
2026-04-03 23:23:00,754 - INFO - HTTP Request: POST https://api.telegram.org/bot8769585004:AAGjGsKLMLbJSXrQDtfMMxJdkbhcqT-orK4/getMe "HTTP/1.1 200 OK"
2026-04-03 23:23:00,907 - INFO - HTTP Request: POST https://api.telegram.org/bot8769585004:AAGjGsKLMLbJSXrQDtfMMxJdkbhcqT-orK4/deleteWebhook "HTTP/1.1 200 OK"
2026-04-03 23:23:00,909 - INFO - Application started
2026-04-03 23:23:11,396 - INFO - HTTP Request: POST https://api.telegram.org/bot8769585004:AAGjGsKLMLbJSXrQDtfMMxJdkbhcqT-orK4/getUpdates "HTTP/1.1 200 OK"
2026-04-03 23:23:21,615 - INFO - HTTP Request: POST https://api.telegram.org/bot8769585004:AAGjGsKLMLbJSXrQDtfMMxJdkbhcqT-orK4/getUpdates "HTTP/1.1 200 OK"
2026-04-03 23:23:31,789 - INFO - HTTP Request: POST https://api.telegram.org/bot8769585004:AAGjGsKLMLbJSXrQDtfMMxJdkbhcqT-orK4/getUpdates "HTTP/1.1 200 OK"
2026-04-03 23:23:42,049 - INFO - HTTP Request: POST https://api.telegram.org/bot8769585004:AAGjGsKLMLbJSXrQDtfMMxJdkbhcqT-orK4/getUpdates "HTTP/1.1 200 OK"
2026-04-03 23:23:52,211 - INFO - HTTP Request: POST https://api.telegram.org/bot8769585004:AAGjGsKLMLbJSXrQDtfMMxJdkbhcqT-orK4/getUpdates "HTTP/1.1 200 OK"
2026-04-03 23:24:02,464 - INFO - HTTP Request: POST https://api.telegram.org/bot8769585004:AAGjGsKLMLbJSXrQDtfMMxJdkbhcqT-orK4/getUpdates "HTTP/1.1 200 OK"
2026-04-03 23:24:12,668 - INFO - HTTP Request: POST https://api.telegram.org/bot8769585004:AAGjGsKLMLbJSXrQDtfMMxJdkbhcqT-orK4/getUpdates "HTTP/1.1 200 OK"
2026-04-03 23:24:22,840 - INFO - HTTP Request: POST https://api.telegram.org/bot8769585004:AAGjGsKLMLbJSXrQDtfMMxJdkbhcqT-orK4/getUpdates "HTTP/1.1 200 OK"
2026-04-03 23:24:33,043 - INFO - HTTP Request: POST https://api.telegram.org/bot8769585004:AAGjGsKLMLbJSXrQDtfMMxJdkbhcqT-orK4/getUpdates "HTTP/1.1 200 OK"
2026-04-03 23:24:43,235 - INFO - HTTP Request: POST https://api.telegram.org/bot8769585004:AAGjGsKLMLbJSXrQDtfMMxJdkbhcqT-orK4/getUpdates "HTTP/1.1 200 OK"
2026-04-03 23:24:53,424 - INFO - HTTP Request: POST https://api.telegram.org/bot8769585004:AAGjGsKLMLbJSXrQDtfMMxJdkbhcqT-orK4/getUpdates "HTTP/1.1 200 OK"
2026-04-03 23:25:03,582 - INFO - HTTP Request: POST https://api.telegram.org/bot8769585004:AAGjGsKLMLbJSXrQDtfMMxJdkbhcqT-orK4/getUpdates "HTTP/1.1 200 OK"
2026-04-03 23:25:13,749 - INFO - HTTP Request: POST https://api.telegram.org/bot8769585004:AAGjGsKLMLbJSXrQDtfMMxJdkbhcqT-orK4/getUpdates "HTTP/1.1 200 OK"
2026-04-03 23:25:23,930 - INFO - HTTP Request: POST https://api.telegram.org/bot8769585004:AAGjGsKLMLbJSXrQDtfMMxJdkbhcqT-orK4/getUpdates "HTTP/1.1 200 OK"
2026-04-03 23:25:34,088 - INFO - HTTP Request: POST https://api.telegram.org/bot8769585004:AAGjGsKLMLbJSXrQDtfMMxJdkbhcqT-orK4/getUpdates "HTTP/1.1 200 OK"
2026-04-03 23:25:44,252 - INFO - HTTP Request: POST https://api.telegram.org/bot8769585004:AAGjGsKLMLbJSXrQDtfMMxJdkbhcqT-orK4/getUpdates "HTTP/1.1 200 OK"
2026-04-03 23:25:54,446 - INFO - HTTP Request: POST https://api.telegram.org/bot8769585004:AAGjGsKLMLbJSXrQDtfMMxJdkbhcqT-orK4/getUpdates "HTTP/1.1 200 OK"
2026-04-03 23:26:04,612 - INFO - HTTP Request: POST https://api.telegram.org/bot8769585004:AAGjGsKLMLbJSXrQDtfMMxJdkbhcqT-orK4/getUpdates "HTTP/1.1 200 OK"
2026-04-03 23:26:14,791 - INFO - HTTP Request: POST https://api.telegram.org/bot8769585004:AAGjGsKLMLbJSXrQDtfMMxJdkbhcqT-orK4/getUpdates "HTTP/1.1 200 OK"
2026-04-03 23:26:24,953 - INFO - HTTP Request: POST https://api.telegram.org/bot8769585004:AAGjGsKLMLbJSXrQDtfMMxJdkbhcqT-orK4/getUpdates "HTTP/1.1 200 OK"
2026-04-03 23:26:35,119 - INFO - HTTP Request: POST https://api.telegram.org/bot8769585004:AAGjGsKLMLbJSXrQDtfMMxJdkbhcqT-orK4/getUpdates "HTTP/1.1 200 OK"
2026-04-03 23:26:46,310 - INFO - HTTP Request: POST https://api.telegram.org/bot8769585004:AAGjGsKLMLbJSXrQDtfMMxJdkbhcqT-orK4/getUpdates "HTTP/1.1 200 OK"
2026-04-03 23:26:56,499 - INFO - HTTP Request: POST https://api.telegram.org/bot8769585004:AAGjGsKLMLbJSXrQDtfMMxJdkbhcqT-orK4/getUpdates "HTTP/1.1 200 OK"
2026-04-03 23:27:06,841 - INFO - HTTP Request: POST https://api.telegram.org/bot8769585004:AAGjGsKLMLbJSXrQDtfMMxJdkbhcqT-orK4/getUpdates "HTTP/1.1 200 OK"
2026-04-03 23:27:17,081 - INFO - HTTP Request: POST https://api.telegram.org/bot8769585004:AAGjGsKLMLbJSXrQDtfMMxJdkbhcqT-orK4/getUpdates "HTTP/1.1 200 OK"
2026-04-03 23:27:27,320 - INFO - HTTP Request: POST https://api.telegram.org/bot8769585004:AAGjGsKLMLbJSXrQDtfMMxJdkbhcqT-orK4/getUpdates "HTTP/1.1 200 OK"
2026-04-03 23:27:37,508 - INFO - HTTP Request: POST https://api.telegram.org/bot8769585004:AAGjGsKLMLbJSXrQDtfMMxJdkbhcqT-orK4/getUpdates "HTTP/1.1 200 OK"
2026-04-03 23:27:47,697 - INFO - HTTP Request: POST https://api.telegram.org/bot8769585004:AAGjGsKLMLbJSXrQDtfMMxJdkbhcqT-orK4/getUpdates "HTTP/1.1 200 OK"
2026-04-03 23:27:57,887 - INFO - HTTP Request: POST https://api.telegram.org/bot8769585004:AAGjGsKLMLbJSXrQDtfMMxJdkbhcqT-orK4/getUpdates "HTTP/1.1 200 OK"
2026-04-03 23:28:08,056 - INFO - HTTP Request: POST https://api.telegram.org/bot8769585004:AAGjGsKLMLbJSXrQDtfMMxJdkbhcqT-orK4/getUpdates "HTTP/1.1 200 OK"
2026-04-03 23:28:18,215 - INFO - HTTP Request: POST https://api.telegram.org/bot8769585004:AAGjGsKLMLbJSXrQDtfMMxJdkbhcqT-orK4/getUpdates "HTTP/1.1 200 OK"
2026-04-03 23:28:28,388 - INFO - HTTP Request: POST https://api.telegram.org/bot8769585004:AAGjGsKLMLbJSXrQDtfMMxJdkbhcqT-orK4/getUpdates "HTTP/1.1 200 OK"
2026-04-03 23:28:38,568 - INFO - HTTP Request: POST https://api.telegram.org/bot8769585004:AAGjGsKLMLbJSXrQDtfMMxJdkbhcqT-orK4/getUpdates "HTTP/1.1 200 OK"
2026-04-03 23:28:48,741 - INFO - HTTP Request: POST https://api.telegram.org/bot8769585004:AAGjGsKLMLbJSXrQDtfMMxJdkbhcqT-orK4/getUpdates "HTTP/1.1 200 OK"
2026-04-03 23:28:59,070 - INFO - HTTP Request: POST https://api.telegram.org/bot8769585004:AAGjGsKLMLbJSXrQDtfMMxJdkbhcqT-orK4/getUpdates "HTTP/1.1 200 OK"
2026-04-03 23:29:09,259 - INFO - HTTP Request: POST https://api.telegram.org/bot8769585004:AAGjGsKLMLbJSXrQDtfMMxJdkbhcqT-orK4/getUpdates "HTTP/1.1 200 OK"
2026-04-03 23:29:19,487 - INFO - HTTP Request: POST https://api.telegram.org/bot8769585004:AAGjGsKLMLbJSXrQDtfMMxJdkbhcqT-orK4/getUpdates "HTTP/1.1 200 OK"
2026-04-03 23:29:29,787 - INFO - HTTP Request: POST https://api.telegram.org/bot8769585004:AAGjGsKLMLbJSXrQDtfMMxJdkbhcqT-orK4/getUpdates "HTTP/1.1 200 OK"
2026-04-03 23:29:40,005 - INFO - HTTP Request: POST https://api.telegram.org/bot8769585004:AAGjGsKLMLbJSXrQDtfMMxJdkbhcqT-orK4/getUpdates "HTTP/1.1 200 OK"
2026-04-03 23:29:50,250 - INFO - HTTP Request: POST https://api.telegram.org/bot8769585004:AAGjGsKLMLbJSXrQDtfMMxJdkbhcqT-orK4/getUpdates "HTTP/1.1 200 OK"
2026-04-03 23:30:00,523 - INFO - HTTP Request: POST https://api.telegram.org/bot8769585004:AAGjGsKLMLbJSXrQDtfMMxJdkbhcqT-orK4/getUpdates "HTTP/1.1 200 OK"
2026-04-03 23:30:10,699 - INFO - HTTP Request: POST https://api.telegram.org/bot8769585004:AAGjGsKLMLbJSXrQDtfMMxJdkbhcqT-orK4/getUpdates "HTTP/1.1 200 OK"
2026-04-03 23:30:20,983 - INFO - HTTP Request: POST https://api.telegram.org/bot8769585004:AAGjGsKLMLbJSXrQDtfMMxJdkbhcqT-orK4/getUpdates "HTTP/1.1 200 OK"
2026-04-03 23:30:31,193 - INFO - HTTP Request: POST https://api.telegram.org/bot8769585004:AAGjGsKLMLbJSXrQDtfMMxJdkbhcqT-orK4/getUpdates "HTTP/1.1 200 OK"
2026-04-03 23:30:41,371 - INFO - HTTP Request: POST https://api.telegram.org/bot8769585004:AAGjGsKLMLbJSXrQDtfMMxJdkbhcqT-orK4/getUpdates "HTTP/1.1 200 OK"
2026-04-03 23:30:51,540 - INFO - HTTP Request: POST https://api.telegram.org/bot8769585004:AAGjGsKLMLbJSXrQDtfMMxJdkbhcqT-orK4/getUpdates "HTTP/1.1 200 OK"
2026-04-03 23:31:01,705 - INFO - HTTP Request: POST https://api.telegram.org/bot8769585004:AAGjGsKLMLbJSXrQDtfMMxJdkbhcqT-orK4/getUpdates "HTTP/1.1 200 OK"
2026-04-03 23:31:11,916 - INFO - HTTP Request: POST https://api.telegram.org/bot8769585004:AAGjGsKLMLbJSXrQDtfMMxJdkbhcqT-orK4/getUpdates "HTTP/1.1 200 OK"
2026-04-03 23:31:22,112 - INFO - HTTP Request: POST https://api.telegram.org/bot8769585004:AAGjGsKLMLbJSXrQDtfMMxJdkbhcqT-orK4/getUpdates "HTTP/1.1 200 OK"
2026-04-03 23:31:32,362 - INFO - HTTP Request: POST https://api.telegram.org/bot8769585004:AAGjGsKLMLbJSXrQDtfMMxJdkbhcqT-orK4/getUpdates "HTTP/1.1 200 OK"
2026-04-03 23:31:37,577 - INFO - HTTP Request: POST https://api.telegram.org/bot8769585004:AAGjGsKLMLbJSXrQDtfMMxJdkbhcqT-orK4/getUpdates "HTTP/1.1 200 OK"
2026-04-03 23:31:38,118 - INFO - HTTP Request: POST https://api.telegram.org/bot8769585004:AAGjGsKLMLbJSXrQDtfMMxJdkbhcqT-orK4/sendMessage "HTTP/1.1 200 OK"
2026-04-03 23:31:40,655 - INFO - Loading model from models/usdjpy_x_1h_model.pkl
2026-04-03 23:31:40,703 - INFO - Loading scaler from models/usdjpy_x_1h_scaler.pkl
2026-04-03 23:31:40,704 - INFO - Fetching recent data for USDJPY=X (Interval: 1h, Start: 2026-03-16)...
2026-04-03 23:31:40,704 - INFO - Connected to database: data/market_data.db
2026-04-03 23:31:40,705 - INFO - All database tables created / verified.
2026-04-03 23:31:40,705 - INFO - Data for USDJPY=X_1h exists in database
2026-04-03 23:31:40,714 - INFO - [DataProvider] Fetching USDJPY=X_1h from Yahoo Finance (2026-03-16 → 2026-04-04, interval=1h)
2026-04-03 23:31:47,729 - INFO - HTTP Request: POST https://api.telegram.org/bot8769585004:AAGjGsKLMLbJSXrQDtfMMxJdkbhcqT-orK4/getUpdates "HTTP/1.1 200 OK"
2026-04-03 23:31:52,240 - WARNING - Data for USDJPY=X_1h likely already exists (IntegrityError).
2026-04-03 23:31:52,240 - INFO - [DataProvider] Cached USDJPY=X_1h (353 rows)
2026-04-03 23:31:52,241 - INFO - Database connection closed
2026-04-03 23:31:52,242 - INFO - Calculating technical features for 353 bars...
2026-04-03 23:31:52,314 - INFO - Dropped 24 rows with NaN values after feature engineering
2026-04-03 23:31:52,318 - INFO - Making prediction based on data from 2026-04-03 20:00:00+00:00
2026-04-03 23:31:53,038 - INFO - HTTP Request: POST https://api.telegram.org/bot8769585004:AAGjGsKLMLbJSXrQDtfMMxJdkbhcqT-orK4/editMessageText "HTTP/1.1 200 OK"
2026-04-03 23:31:57,882 - INFO - HTTP Request: POST https://api.telegram.org/bot8769585004:AAGjGsKLMLbJSXrQDtfMMxJdkbhcqT-orK4/getUpdates "HTTP/1.1 200 OK"
2026-04-03 23:32:08,293 - INFO - HTTP Request: POST https://api.telegram.org/bot8769585004:AAGjGsKLMLbJSXrQDtfMMxJdkbhcqT-orK4/getUpdates "HTTP/1.1 200 OK"
2026-04-03 23:32:18,533 - INFO - HTTP Request: POST https://api.telegram.org/bot8769585004:AAGjGsKLMLbJSXrQDtfMMxJdkbhcqT-orK4/getUpdates "HTTP/1.1 200 OK"
2026-04-03 23:32:28,733 - INFO - HTTP Request: POST https://api.telegram.org/bot8769585004:AAGjGsKLMLbJSXrQDtfMMxJdkbhcqT-orK4/getUpdates "HTTP/1.1 200 OK"
2026-04-03 23:32:39,217 - INFO - HTTP Request: POST https://api.telegram.org/bot8769585004:AAGjGsKLMLbJSXrQDtfMMxJdkbhcqT-orK4/getUpdates "HTTP/1.1 200 OK"
2026-04-03 23:32:49,367 - INFO - HTTP Request: POST https://api.telegram.org/bot8769585004:AAGjGsKLMLbJSXrQDtfMMxJdkbhcqT-orK4/getUpdates "HTTP/1.1 200 OK"
2026-04-03 23:32:59,696 - INFO - HTTP Request: POST https://api.telegram.org/bot8769585004:AAGjGsKLMLbJSXrQDtfMMxJdkbhcqT-orK4/getUpdates "HTTP/1.1 200 OK"
2026-04-03 23:33:09,892 - INFO - HTTP Request: POST https://api.telegram.org/bot8769585004:AAGjGsKLMLbJSXrQDtfMMxJdkbhcqT-orK4/getUpdates "HTTP/1.1 200 OK"
2026-04-03 23:33:20,058 - INFO - HTTP Request: POST https://api.telegram.org/bot8769585004:AAGjGsKLMLbJSXrQDtfMMxJdkbhcqT-orK4/getUpdates "HTTP/1.1 200 OK"
2026-04-03 23:33:34,464 - INFO - HTTP Request: POST https://api.telegram.org/bot8769585004:AAGjGsKLMLbJSXrQDtfMMxJdkbhcqT-orK4/getUpdates "HTTP/1.1 200 OK"
2026-04-03 23:33:44,858 - INFO - HTTP Request: POST https://api.telegram.org/bot8769585004:AAGjGsKLMLbJSXrQDtfMMxJdkbhcqT-orK4/getUpdates "HTTP/1.1 200 OK"
2026-04-03 23:33:55,092 - INFO - HTTP Request: POST https://api.telegram.org/bot8769585004:AAGjGsKLMLbJSXrQDtfMMxJdkbhcqT-orK4/getUpdates "HTTP/1.1 200 OK"
2026-04-03 23:34:05,844 - INFO - HTTP Request: POST https://api.telegram.org/bot8769585004:AAGjGsKLMLbJSXrQDtfMMxJdkbhcqT-orK4/getUpdates "HTTP/1.1 200 OK"
2026-04-03 23:34:32,568 - INFO - HTTP Request: POST https://api.telegram.org/bot8769585004:AAGjGsKLMLbJSXrQDtfMMxJdkbhcqT-orK4/getUpdates "HTTP/1.1 200 OK"
2026-04-03 23:34:42,871 - INFO - HTTP Request: POST https://api.telegram.org/bot8769585004:AAGjGsKLMLbJSXrQDtfMMxJdkbhcqT-orK4/getUpdates "HTTP/1.1 200 OK"
2026-04-03 23:34:53,019 - INFO - HTTP Request: POST https://api.telegram.org/bot8769585004:AAGjGsKLMLbJSXrQDtfMMxJdkbhcqT-orK4/getUpdates "HTTP/1.1 200 OK"
2026-04-03 23:35:03,185 - INFO - HTTP Request: POST https://api.telegram.org/bot8769585004:AAGjGsKLMLbJSXrQDtfMMxJdkbhcqT-orK4/getUpdates "HTTP/1.1 200 OK"
2026-04-03 23:35:13,424 - INFO - HTTP Request: POST https://api.telegram.org/bot8769585004:AAGjGsKLMLbJSXrQDtfMMxJdkbhcqT-orK4/getUpdates "HTTP/1.1 200 OK"
2026-04-03 23:35:23,577 - INFO - HTTP Request: POST https://api.telegram.org/bot8769585004:AAGjGsKLMLbJSXrQDtfMMxJdkbhcqT-orK4/getUpdates "HTTP/1.1 200 OK"
2026-04-03 23:35:33,730 - INFO - HTTP Request: POST https://api.telegram.org/bot8769585004:AAGjGsKLMLbJSXrQDtfMMxJdkbhcqT-orK4/getUpdates "HTTP/1.1 200 OK"
2026-04-03 23:35:43,891 - INFO - HTTP Request: POST https://api.telegram.org/bot8769585004:AAGjGsKLMLbJSXrQDtfMMxJdkbhcqT-orK4/getUpdates "HTTP/1.1 200 OK"
2026-04-03 23:35:54,076 - INFO - HTTP Request: POST https://api.telegram.org/bot8769585004:AAGjGsKLMLbJSXrQDtfMMxJdkbhcqT-orK4/getUpdates "HTTP/1.1 200 OK"
2026-04-03 23:36:04,418 - INFO - HTTP Request: POST https://api.telegram.org/bot8769585004:AAGjGsKLMLbJSXrQDtfMMxJdkbhcqT-orK4/getUpdates "HTTP/1.1 200 OK"
2026-04-03 23:36:14,656 - INFO - HTTP Request: POST https://api.telegram.org/bot8769585004:AAGjGsKLMLbJSXrQDtfMMxJdkbhcqT-orK4/getUpdates "HTTP/1.1 200 OK"
2026-04-03 23:36:24,896 - INFO - HTTP Request: POST https://api.telegram.org/bot8769585004:AAGjGsKLMLbJSXrQDtfMMxJdkbhcqT-orK4/getUpdates "HTTP/1.1 200 OK"
2026-04-03 23:36:35,070 - INFO - HTTP Request: POST https://api.telegram.org/bot8769585004:AAGjGsKLMLbJSXrQDtfMMxJdkbhcqT-orK4/getUpdates "HTTP/1.1 200 OK"
2026-04-03 23:36:45,224 - INFO - HTTP Request: POST https://api.telegram.org/bot8769585004:AAGjGsKLMLbJSXrQDtfMMxJdkbhcqT-orK4/getUpdates "HTTP/1.1 200 OK"
2026-04-03 23:36:55,398 - INFO - HTTP Request: POST https://api.telegram.org/bot8769585004:AAGjGsKLMLbJSXrQDtfMMxJdkbhcqT-orK4/getUpdates "HTTP/1.1 200 OK"
2026-04-03 23:37:05,552 - INFO - HTTP Request: POST https://api.telegram.org/bot8769585004:AAGjGsKLMLbJSXrQDtfMMxJdkbhcqT-orK4/getUpdates "HTTP/1.1 200 OK"
2026-04-03 23:37:15,786 - INFO - HTTP Request: POST https://api.telegram.org/bot8769585004:AAGjGsKLMLbJSXrQDtfMMxJdkbhcqT-orK4/getUpdates "HTTP/1.1 200 OK"
2026-04-03 23:37:25,961 - INFO - HTTP Request: POST https://api.telegram.org/bot8769585004:AAGjGsKLMLbJSXrQDtfMMxJdkbhcqT-orK4/getUpdates "HTTP/1.1 200 OK"
2026-04-03 23:37:36,163 - INFO - HTTP Request: POST https://api.telegram.org/bot8769585004:AAGjGsKLMLbJSXrQDtfMMxJdkbhcqT-orK4/getUpdates "HTTP/1.1 200 OK"
2026-04-03 23:37:46,401 - INFO - HTTP Request: POST https://api.telegram.org/bot8769585004:AAGjGsKLMLbJSXrQDtfMMxJdkbhcqT-orK4/getUpdates "HTTP/1.1 200 OK"
2026-04-03 23:37:56,652 - INFO - HTTP Request: POST https://api.telegram.org/bot8769585004:AAGjGsKLMLbJSXrQDtfMMxJdkbhcqT-orK4/getUpdates "HTTP/1.1 200 OK"
2026-04-03 23:38:06,881 - INFO - HTTP Request: POST https://api.telegram.org/bot8769585004:AAGjGsKLMLbJSXrQDtfMMxJdkbhcqT-orK4/getUpdates "HTTP/1.1 200 OK"
2026-04-03 23:38:17,179 - INFO - HTTP Request: POST https://api.telegram.org/bot8769585004:AAGjGsKLMLbJSXrQDtfMMxJdkbhcqT-orK4/getUpdates "HTTP/1.1 200 OK"
2026-04-03 23:38:27,343 - INFO - HTTP Request: POST https://api.telegram.org/bot8769585004:AAGjGsKLMLbJSXrQDtfMMxJdkbhcqT-orK4/getUpdates "HTTP/1.1 200 OK"
2026-04-03 23:38:37,498 - INFO - HTTP Request: POST https://api.telegram.org/bot8769585004:AAGjGsKLMLbJSXrQDtfMMxJdkbhcqT-orK4/getUpdates "HTTP/1.1 200 OK"
2026-04-03 23:38:47,806 - INFO - HTTP Request: POST https://api.telegram.org/bot8769585004:AAGjGsKLMLbJSXrQDtfMMxJdkbhcqT-orK4/getUpdates "HTTP/1.1 200 OK"
2026-04-03 23:38:57,974 - INFO - HTTP Request: POST https://api.telegram.org/bot8769585004:AAGjGsKLMLbJSXrQDtfMMxJdkbhcqT-orK4/getUpdates "HTTP/1.1 200 OK"
2026-04-03 23:39:08,136 - INFO - HTTP Request: POST https://api.telegram.org/bot8769585004:AAGjGsKLMLbJSXrQDtfMMxJdkbhcqT-orK4/getUpdates "HTTP/1.1 200 OK"
2026-04-03 23:39:18,557 - INFO - HTTP Request: POST https://api.telegram.org/bot8769585004:AAGjGsKLMLbJSXrQDtfMMxJdkbhcqT-orK4/getUpdates "HTTP/1.1 200 OK"
2026-04-03 23:39:28,797 - INFO - HTTP Request: POST https://api.telegram.org/bot8769585004:AAGjGsKLMLbJSXrQDtfMMxJdkbhcqT-orK4/getUpdates "HTTP/1.1 200 OK"
2026-04-03 23:39:38,968 - INFO - HTTP Request: POST https://api.telegram.org/bot8769585004:AAGjGsKLMLbJSXrQDtfMMxJdkbhcqT-orK4/getUpdates "HTTP/1.1 200 OK"
2026-04-03 23:39:46,357 - INFO - HTTP Request: POST https://api.telegram.org/bot8769585004:AAGjGsKLMLbJSXrQDtfMMxJdkbhcqT-orK4/getUpdates "HTTP/1.1 200 OK"
2026-04-03 23:39:46,358 - INFO - Application is stopping. This might take a moment.
2026-04-03 23:39:46,359 - INFO - Application.stop() complete
2026-04-03 23:39:46,363 - INFO - Database connection closed
2026-04-03 23:39:46,363 - INFO - Database connection closed
🤖 Telegram Bot is running...
